[2018-07-03 11:29:06] START
[2018-07-03 11:37:23] CREATE basics.py: 0
[2018-07-03 11:59:04] EDIT pluralsight/controllers/basics.py: 3
[2018-07-03 11:59:41] CREATE basics/helloworld.html: 0
[2018-07-03 12:01:29] EDIT pluralsight/views/basics/helloworld.html: 2
[2018-07-03 12:03:02] EDIT pluralsight/views/basics/helloworld.html: 1
[2018-07-03 12:03:15] EDIT pluralsight/views/basics/helloworld.html: 0
[2018-07-03 12:10:36] EDIT pluralsight/controllers/basics.py: 5
[2018-07-03 12:11:01] CREATE basics/requests_args.html: 0
[2018-07-03 12:12:14] EDIT pluralsight/views/basics/requests_args.html: 2
[2018-07-03 12:13:40] EDIT pluralsight/views/basics/requests_args.html: 0
[2018-07-03 12:14:53] EDIT pluralsight/controllers/basics.py: 0
[2018-07-03 12:16:10] EDIT pluralsight/controllers/basics.py: 0
[2018-07-03 12:17:53] DELETE pluralsight/views/basics/requests_args.html: -5
[2018-07-03 12:18:07] CREATE basics/request_args.html: 0
[2018-07-03 12:18:21] EDIT pluralsight/views/basics/request_args.html: 2
[2018-07-03 12:46:34] EDIT pluralsight/views/basics/request_args.html: 0
[2018-07-03 12:49:01] EDIT pluralsight/controllers/basics.py: 9
[2018-07-03 12:49:10] EDIT pluralsight/controllers/basics.py: 0
[2018-07-03 12:49:12] EDIT pluralsight/controllers/basics.py: 0
[2018-07-03 12:49:30] CREATE basics/request_vars.html: 0
[2018-07-03 12:52:03] EDIT pluralsight/views/basics/request_vars.html: 7
[2018-07-03 12:56:40] EDIT pluralsight/controllers/basics.py: 10
[2018-07-03 12:57:09] CREATE basics/request_object.html: 0
[2018-07-03 13:00:28] EDIT pluralsight/views/basics/request_object.html: 9
[2018-07-03 13:03:47] EDIT pluralsight/controllers/basics.py: 1
[2018-07-03 13:04:35] EDIT pluralsight/controllers/basics.py: 0
[2018-07-03 14:25:11] EDIT pluralsight/controllers/basics.py: 0
[2018-07-03 17:02:32] EDIT pluralsight/models/db.py: 8
[2018-07-03 17:08:41] EDIT pluralsight/models/db.py: 0
[2018-07-03 17:08:55] EDIT pluralsight/models/db.py: 0
[2018-07-03 17:11:01] CREATE blog.py: 0
[2018-07-03 17:13:58] EDIT pluralsight/controllers/blog.py: 6
[2018-07-03 17:15:04] CREATE blog/post.html: 0
[2018-07-03 17:15:49] EDIT pluralsight/views/blog/post.html: 0
[2018-07-04 09:58:43] EDIT pluralsight/controllers/blog.py: 0
[2018-07-04 10:02:59] EDIT pluralsight/controllers/blog.py: 10
[2018-07-04 10:06:17] EDIT pluralsight/controllers/blog.py: 0
[2018-07-04 10:06:51] CREATE blog/thanks.html: 0
[2018-07-04 10:07:12] EDIT pluralsight/views/blog/thanks.html: 0
[2018-07-04 10:09:16] EDIT pluralsight/views/blog/thanks.html: -1
[2018-07-04 10:10:24] EDIT pluralsight/controllers/blog.py: 2
[2018-07-04 10:41:11] CREATE blog/update.html: 0
[2018-07-04 10:41:57] EDIT pluralsight/views/blog/update.html: 0
[2018-07-04 10:42:56] EDIT pluralsight/views/blog/update.html: 0
[2018-07-04 10:45:37] EDIT pluralsight/controllers/blog.py: 8
[2018-07-04 10:51:20] EDIT pluralsight/controllers/blog.py: 0
[2018-07-04 11:02:30] CREATE blog/view.html: 0
[2018-07-04 11:09:11] EDIT pluralsight/views/blog/view.html: 12
[2018-07-04 11:13:54] EDIT pluralsight/views/blog/view.html: 3
[2018-07-04 11:25:23] EDIT pluralsight/controllers/blog.py: 0
[2018-07-04 11:30:58] EDIT pluralsight/models/db.py: 14
[2018-07-04 11:31:39] EDIT pluralsight/models/db.py: 0
[2018-07-04 12:12:37] EDIT pluralsight/models/db.py: 0
[2018-07-04 12:12:49] EDIT pluralsight/models/db.py: 0
[2018-07-04 12:19:19] CREATE contacts.py: 0
[2018-07-04 12:19:53] EDIT pluralsight/controllers/contacts.py: 3
[2018-07-04 14:55:54] EDIT pluralsight/controllers/contacts.py: 7
[2018-07-04 14:56:09] EDIT pluralsight/controllers/contacts.py: 0
[2018-07-04 14:59:10] EDIT pluralsight/controllers/contacts.py: 0
[2018-07-04 14:59:55] EDIT pluralsight/controllers/contacts.py: 0
[2018-07-04 15:01:11] EDIT pluralsight/controllers/contacts.py: 0
[2018-07-04 15:10:29] EDIT pluralsight/controllers/contacts.py: 1
[2018-07-04 15:10:51] EDIT pluralsight/controllers/contacts.py: 0
[2018-07-04 15:12:19] EDIT pluralsight/controllers/contacts.py: 2
[2018-07-04 15:12:33] EDIT pluralsight/controllers/contacts.py: 0
[2018-07-04 15:12:37] EDIT pluralsight/controllers/contacts.py: 0
[2018-07-04 15:12:50] EDIT pluralsight/controllers/contacts.py: 0
[2018-07-04 15:12:59] EDIT pluralsight/controllers/contacts.py: 0
[2018-07-04 15:13:12] EDIT pluralsight/controllers/contacts.py: -1
[2018-07-04 15:13:23] EDIT pluralsight/controllers/contacts.py: -1
[2018-07-04 15:15:58] EDIT pluralsight/controllers/contacts.py: -1
[2018-07-04 15:43:22] EDIT pluralsight/controllers/contacts.py: 6
[2018-07-04 15:43:37] EDIT pluralsight/controllers/contacts.py: -1
[2018-07-04 15:44:13] EDIT pluralsight/controllers/contacts.py: 0
[2018-07-04 15:48:51] EDIT pluralsight/controllers/contacts.py: 0
[2018-07-04 15:52:20] EDIT pluralsight/controllers/contacts.py: 3
[2018-07-04 16:17:49] EDIT pluralsight/controllers/contacts.py: 0
[2018-07-04 16:17:49] EDIT pluralsight/controllers/contacts.py: 0
[2018-07-04 16:28:00] CREATE contacts/add.html: 0
[2018-07-04 16:29:06] EDIT pluralsight/views/contacts/add.html: 0
[2018-07-04 16:35:14] EDIT pluralsight/controllers/contacts.py: 8
[2018-07-04 16:35:23] EDIT pluralsight/controllers/contacts.py: 0
[2018-07-04 16:35:46] EDIT pluralsight/controllers/contacts.py: -1
[2018-07-04 17:02:21] EDIT pluralsight/controllers/contacts.py: 0
[2018-07-04 17:03:43] EDIT pluralsight/controllers/contacts.py: 0
[2018-07-04 17:04:45] CREATE contacts/view.html: 0
[2018-07-04 17:09:54] EDIT pluralsight/views/contacts/view.html: 13
[2018-07-04 17:14:29] EDIT pluralsight/views/contacts/view.html: 6
[2018-07-04 17:16:29] EDIT pluralsight/views/contacts/view.html: 0
[2018-07-04 17:20:17] EDIT pluralsight/controllers/contacts.py: 8
[2018-07-04 17:20:18] EDIT pluralsight/controllers/contacts.py: 0
[2018-07-04 17:23:00] CREATE contacts/update.html: 0
[2018-07-04 17:23:36] EDIT pluralsight/views/contacts/update.html: 0
[2018-07-04 17:23:50] EDIT pluralsight/views/contacts/update.html: 0
[2018-07-04 17:34:08] EDIT pluralsight/controllers/contacts.py: 0
[2018-07-04 17:34:22] EDIT pluralsight/controllers/contacts.py: 0
[2018-07-05 10:42:13] EDIT pluralsight/controllers/blog.py: 2
[2018-07-05 10:42:58] EDIT pluralsight/controllers/blog.py: 0
[2018-07-05 10:53:03] EDIT pluralsight/controllers/blog.py: 1
[2018-07-05 11:21:51] EDIT pluralsight/controllers/blog.py: 0
[2018-07-05 11:32:58] EDIT pluralsight/models/db.py: 10
[2018-07-05 11:33:08] EDIT pluralsight/models/db.py: 0
[2018-07-05 11:33:31] EDIT pluralsight/models/db.py: 0
[2018-07-05 11:33:50] EDIT pluralsight/models/db.py: 0
[2018-07-05 11:38:15] CREATE products.py: 0
[2018-07-05 11:48:33] EDIT pluralsight/controllers/products.py: 5
[2018-07-05 11:49:02] CREATE products/admin_view.html: 0
[2018-07-05 11:51:24] EDIT pluralsight/views/products/admin_view.html: 9
[2018-07-05 11:51:44] EDIT pluralsight/views/products/admin_view.html: 0
[2018-07-05 11:53:57] EDIT pluralsight/controllers/products.py: 0
[2018-07-05 11:55:26] EDIT pluralsight/controllers/products.py: 0
[2018-07-05 11:55:48] EDIT pluralsight/controllers/products.py: 0
[2018-07-05 11:56:08] EDIT pluralsight/controllers/products.py: 0
[2018-07-05 11:59:10] EDIT pluralsight/controllers/products.py: 0
[2018-07-05 11:59:45] EDIT pluralsight/models/db.py: 0
[2018-07-05 12:00:00] EDIT pluralsight/models/db.py: 0
[2018-07-05 12:00:20] EDIT pluralsight/models/db.py: 0
[2018-07-05 12:02:59] EDIT pluralsight/views/products/admin_view.html: 0
[2018-07-05 12:08:31] EDIT pluralsight/controllers/products.py: 0
[2018-07-05 12:11:19] EDIT pluralsight/controllers/products.py: 0
[2018-07-05 12:11:22] EDIT pluralsight/controllers/products.py: 0
[2018-07-05 12:11:54] EDIT pluralsight/views/products/admin_view.html: 1
[2018-07-05 12:12:36] EDIT pluralsight/views/products/admin_view.html: 0
[2018-07-05 12:16:52] EDIT pluralsight/views/products/admin_view.html: 0
[2018-07-05 12:17:24] EDIT pluralsight/views/products/admin_view.html: 0
[2018-07-05 12:18:11] EDIT pluralsight/views/products/admin_view.html: 0
[2018-07-05 12:19:33] EDIT pluralsight/controllers/products.py: 0
[2018-07-05 12:29:38] EDIT pluralsight/controllers/products.py: 0
